<?xml version="1.0" encoding="UTF-8"?>
<coverage generated="1685390272630" clover="3.2.0">
  <project timestamp="1685390272631" name="All files">
    <metrics statements="5" coveredstatements="5" conditionals="0" coveredconditionals="0" methods="2" coveredmethods="2" elements="7" coveredelements="7" complexity="0" loc="5" ncloc="5" packages="1" files="2" classes="2"/>
    <file name="sum.js" path="C:\Users\crist\OneDrive\Desktop\Carpeta\Dream\todoList\src\sum.js">
      <metrics statements="1" coveredstatements="1" conditionals="0" coveredconditionals="0" methods="1" coveredmethods="1"/>
      <line num="3" count="1" type="stmt"/>
    </file>
    <file name="type.js" path="C:\Users\crist\OneDrive\Desktop\Carpeta\Dream\todoList\src\type.js">
      <metrics statements="4" coveredstatements="4" conditionals="0" coveredconditionals="0" methods="1" coveredmethods="1"/>
      <line num="2" count="1" type="stmt"/>
      <line num="3" count="1" type="stmt"/>
      <line num="4" count="1" type="stmt"/>
      <line num="5" count="1" type="stmt"/>
    </file>
  </project>
</coverage>
