{"C:\\Users\\crist\\OneDrive\\Desktop\\Carpeta\\Dream\\todoList\\src\\sum.js": {"path":"C:\\Users\\crist\\OneDrive\\Desktop\\Carpeta\\Dream\\todoList\\src\\sum.js","statementMap":{"0":{"start":{"line":3,"column":4},"end":{"line":3,"column":17}}},"fnMap":{"0":{"name":"sum","decl":{"start":{"line":2,"column":24},"end":{"line":2,"column":27}},"loc":{"start":{"line":2,"column":34},"end":{"line":4,"column":3}},"line":2}},"branchMap":{},"s":{"0":1},"f":{"0":1},"b":{},"_coverageSchema":"1a1c01bbd47fc00a2c39e90264f33305004495a9","hash":"78293699e79233f00ac117a73bcf2af679e53286"}
,"C:\\Users\\crist\\OneDrive\\Desktop\\Carpeta\\Dream\\todoList\\src\\type.js": {"path":"C:\\Users\\crist\\OneDrive\\Desktop\\Carpeta\\Dream\\todoList\\src\\type.js","statementMap":{"0":{"start":{"line":2,"column":14},"end":{"line":2,"column":42}},"1":{"start":{"line":3,"column":4},"end":{"line":3,"column":30}},"2":{"start":{"line":4,"column":14},"end":{"line":4,"column":43}},"3":{"start":{"line":5,"column":4},"end":{"line":5,"column":23}}},"fnMap":{"0":{"name":"type","decl":{"start":{"line":1,"column":24},"end":{"line":1,"column":28}},"loc":{"start":{"line":1,"column":32},"end":{"line":6,"column":1}},"line":1}},"branchMap":{},"s":{"0":1,"1":1,"2":1,"3":1},"f":{"0":1},"b":{},"_coverageSchema":"1a1c01bbd47fc00a2c39e90264f33305004495a9","hash":"be4d4236bcb477119be777df738c877ce6be6e51"}
}
